Se ha registrado un usuario con la siguientes credenciales: nombre: Kevin, edad: 23, genero: N
El usuario Kevin ha elegido de pokemon inicial a Squirtle
Ha iniciado sesion el usuario Kevin
El usuario Kevin accedio a la vista de la captura
Ha aparecido un Ledian salvaje
Kevin ha accedido a la bolsa
El usuario a escogido ULTRABALL y ha cerrado la bolsa
Kevin ha usado una ULTRABALL
Ledian se ha escapado
Kevin ha usado una ULTRABALL
Ledian se ha escapado
Kevin ha accedido a la bolsa
El usuario a escogido POKE_BALL y ha cerrado la bolsa
Kevin ha usado una POKE_BALL
Ledian se ha escapado
Ha aparecido un Jiggypuff salvaje
Ha aparecido un Zubat salvaje
Ha aparecido un Kadabra salvaje
Ha aparecido un Geodude salvaje
Ha aparecido un Gyarados salvaje
Kevin ha accedido a la bolsa
El usuario a escogido MASTERBALL y ha cerrado la bolsa
Kevin ha usado una MASTERBALL
El usuario Kevin ha capturado a Gyarados
Gyarados se ha agregado al equipo de Kevin
Ha aparecido un Blastoise salvaje
Kevin ha usado una MASTERBALL
El usuario Kevin ha capturado a Blastoise
Blastoise se ha agregado al equipo de Kevin
Ha aparecido un Oddish salvaje
Kevin ha huido del combate
El usuario Kevin ha cerrado sesion
Se ha cerrado el programa