Se ha registrado un usuario con la siguientes credenciales: nombre: jean, edad: 21, genero: N
El usuario jean ha elegido de pokemon inicial a Charmander
Ha iniciado sesion el usuario jean
El usuario jean accedio a la vista de la captura
Ha aparecido un Jumpluff salvaje
Ha aparecido un Skiploom salvaje
Ha aparecido un Gloom salvaje
Ha aparecido un Machop salvaje
Ha aparecido un Lanturn salvaje
Ha aparecido un Yanma salvaje
Ha aparecido un Horsea salvaje
Ha aparecido un Psyduck salvaje
Ha aparecido un Shuckle salvaje
Ha aparecido un Arcanine salvaje
jean ha accedido a la bolsa
El usuario a escogido MASTERBALL y ha cerrado la bolsa
jean ha usado una MASTERBALL
El usuario jean ha capturado a Arcanine
Arcanine se ha agregado al equipo de jean
Ha aparecido un Quilava salvaje
jean ha accedido a la bolsa
El usuario a escogido ULTRABALL y ha cerrado la bolsa
jean ha usado una ULTRABALL
Quilava se ha escapado
jean ha usado una ULTRABALL
Quilava se ha escapado
jean ha usado una ULTRABALL
Quilava se ha escapado
jean ha usado una ULTRABALL
Quilava se ha escapado
jean ha usado una ULTRABALL
El usuario jean ha capturado a Quilava
Quilava se ha agregado al equipo de jean
Ha aparecido un Flareon salvaje
jean ha huido del combate
El usuario jean ha cerrado sesion
Se ha cerrado el programa